This is pdfTeX, Version 3.141592653-2.6-1.40.25 (TeX Live 2023/Debian) (preloaded format=pdflatex 2024.10.1)  12 NOV 2024 16:32
entering extended mode
 restricted \write18 enabled.
 %&-line parsing enabled.
**table.tex
(./table.tex
LaTeX2e <2023-11-01> patch level 1
L3 programming layer <2024-01-22>
(/usr/share/texlive/texmf-dist/tex/latex/base/article.cls
Document Class: article 2023/05/17 v1.4n Standard LaTeX document class
(/usr/share/texlive/texmf-dist/tex/latex/base/size10.clo
File: size10.clo 2023/05/17 v1.4n Standard LaTeX file (size option)
)
\c@part=\count187
\c@section=\count188
\c@subsection=\count189
\c@subsubsection=\count190
\c@paragraph=\count191
\c@subparagraph=\count192
\c@figure=\count193
\c@table=\count194
\abovecaptionskip=\skip48
\belowcaptionskip=\skip49
\bibindent=\dimen140
)
(/usr/share/texlive/texmf-dist/tex/latex/booktabs/booktabs.sty
Package: booktabs 2020/01/12 v1.61803398 Publication quality tables
\heavyrulewidth=\dimen141
\lightrulewidth=\dimen142
\cmidrulewidth=\dimen143
\belowrulesep=\dimen144
\belowbottomsep=\dimen145
\aboverulesep=\dimen146
\abovetopsep=\dimen147
\cmidrulesep=\dimen148
\cmidrulekern=\dimen149
\defaultaddspace=\dimen150
\@cmidla=\count195
\@cmidlb=\count196
\@aboverulesep=\dimen151
\@belowrulesep=\dimen152
\@thisruleclass=\count197
\@lastruleclass=\count198
\@thisrulewidth=\dimen153
)
(/usr/share/texlive/texmf-dist/tex/latex/graphics/graphicx.sty
Package: graphicx 2021/09/16 v1.2d Enhanced LaTeX Graphics (DPC,SPQR)

(/usr/share/texlive/texmf-dist/tex/latex/graphics/keyval.sty
Package: keyval 2022/05/29 v1.15 key=value parser (DPC)
\KV@toks@=\toks17
)
(/usr/share/texlive/texmf-dist/tex/latex/graphics/graphics.sty
Package: graphics 2022/03/10 v1.4e Standard LaTeX Graphics (DPC,SPQR)

(/usr/share/texlive/texmf-dist/tex/latex/graphics/trig.sty
Package: trig 2021/08/11 v1.11 sin cos tan (DPC)
)
(/usr/share/texlive/texmf-dist/tex/latex/graphics-cfg/graphics.cfg
File: graphics.cfg 2016/06/04 v1.11 sample graphics configuration
)
Package graphics Info: Driver file: pdftex.def on input line 107.

(/usr/share/texlive/texmf-dist/tex/latex/graphics-def/pdftex.def
File: pdftex.def 2022/09/22 v1.2b Graphics/color driver for pdftex
))
\Gin@req@height=\dimen154
\Gin@req@width=\dimen155
)
(/usr/share/texlive/texmf-dist/tex/latex/l3backend/l3backend-pdftex.def
File: l3backend-pdftex.def 2024-01-04 L3 backend support: PDF output (pdfTeX)
\l__color_backend_stack_int=\count199
\l__pdf_internal_box=\box51
)
(./table.aux)
\openout1 = `table.aux'.

LaTeX Font Info:    Checking defaults for OML/cmm/m/it on input line 4.
LaTeX Font Info:    ... okay on input line 4.
LaTeX Font Info:    Checking defaults for OMS/cmsy/m/n on input line 4.
LaTeX Font Info:    ... okay on input line 4.
LaTeX Font Info:    Checking defaults for OT1/cmr/m/n on input line 4.
LaTeX Font Info:    ... okay on input line 4.
LaTeX Font Info:    Checking defaults for T1/cmr/m/n on input line 4.
LaTeX Font Info:    ... okay on input line 4.
LaTeX Font Info:    Checking defaults for TS1/cmr/m/n on input line 4.
LaTeX Font Info:    ... okay on input line 4.
LaTeX Font Info:    Checking defaults for OMX/cmex/m/n on input line 4.
LaTeX Font Info:    ... okay on input line 4.
LaTeX Font Info:    Checking defaults for U/cmr/m/n on input line 4.
LaTeX Font Info:    ... okay on input line 4.

(/usr/share/texlive/texmf-dist/tex/context/base/mkii/supp-pdf.mkii
[Loading MPS to PDF converter (version 2006.09.02).]
\scratchcounter=\count266
\scratchdimen=\dimen156
\scratchbox=\box52
\nofMPsegments=\count267
\nofMParguments=\count268
\everyMPshowfont=\toks18
\MPscratchCnt=\count269
\MPscratchDim=\dimen157
\MPnumerator=\count270
\makeMPintoPDFobject=\count271
\everyMPtoPDFconversion=\toks19
) (/usr/share/texlive/texmf-dist/tex/latex/epstopdf-pkg/epstopdf-base.sty
Package: epstopdf-base 2020-01-24 v2.11 Base part for package epstopdf
Package epstopdf-base Info: Redefining graphics rule for `.eps' on input line 4
85.

(/usr/share/texlive/texmf-dist/tex/latex/latexconfig/epstopdf-sys.cfg
File: epstopdf-sys.cfg 2010/07/13 v1.3 Configuration of (r)epstopdf for TeX Liv
e
))
LaTeX Font Info:    External font `cmex10' loaded for size
(Font)              <7> on input line 7.
LaTeX Font Info:    External font `cmex10' loaded for size
(Font)              <5> on input line 7.

Overfull \hbox (2.41742pt too wide) in paragraph at lines 7--314
 [][] 
 []


LaTeX Warning: Float too large for page by 3219.99814pt on input line 314.


LaTeX Warning: `!h' float specifier changed to `!ht'.

<gender_heart_disease_histogram.png, id=1, 803.0pt x 602.25pt>
File: gender_heart_disease_histogram.png Graphic file (type png)
<use gender_heart_disease_histogram.png>
Package pdftex.def Info: gender_heart_disease_histogram.png  used on input line
 317.
(pdftex.def)             Requested size: 802.99805pt x 602.24852pt.

Overfull \hbox (457.99805pt too wide) in paragraph at lines 317--318
 [][] 
 []


LaTeX Warning: Float too large for page by 76.19296pt on input line 319.

<age_vs_bp_scatter.png, id=2, 803.0pt x 602.25pt>
File: age_vs_bp_scatter.png Graphic file (type png)
<use age_vs_bp_scatter.png>
Package pdftex.def Info: age_vs_bp_scatter.png  used on input line 323.
(pdftex.def)             Requested size: 802.99805pt x 602.24852pt.

Overfull \hbox (457.99805pt too wide) in paragraph at lines 323--324
 [][] 
 []


LaTeX Warning: Float too large for page by 76.19296pt on input line 325.

<age_vs_chol_no_disease.png, id=3, 803.0pt x 602.25pt>
File: age_vs_chol_no_disease.png Graphic file (type png)
<use age_vs_chol_no_disease.png>
Package pdftex.def Info: age_vs_chol_no_disease.png  used on input line 329.
(pdftex.def)             Requested size: 802.99805pt x 602.24852pt.

Overfull \hbox (457.99805pt too wide) in paragraph at lines 329--330
 [][] 
 []


LaTeX Warning: Float too large for page by 76.19296pt on input line 331.

[1{/var/lib/texmf/fonts/map/pdftex/updmap/pdftex.map}] [2 <./gender_heart_disea
se_histogram.png>] [3 <./age_vs_bp_scatter.png>] [4 <./age_vs_chol_no_disease.p
ng>] (./table.aux)
 ***********
LaTeX2e <2023-11-01> patch level 1
L3 programming layer <2024-01-22>
 ***********
 ) 
Here is how much of TeX's memory you used:
 1364 strings out of 476182
 22683 string characters out of 5795595
 1985975 words of memory out of 5000000
 23409 multiletter control sequences out of 15000+600000
 558069 words of font info for 36 fonts, out of 8000000 for 9000
 14 hyphenation exceptions out of 8191
 57i,8n,65p,198b,214s stack positions out of 10000i,1000n,20000p,200000b,200000s
</usr/share/texlive/texmf-dist/fonts/type1/public/amsfonts/cm/cmr10.pfb>
Output written on table.pdf (4 pages, 177859 bytes).
PDF statistics:
 25 PDF objects out of 1000 (max. 8388607)
 13 compressed objects within 1 object stream
 0 named destinations out of 1000 (max. 500000)
 16 words of extra memory for PDF output out of 10000 (max. 10000000)

